2015-04-10 04:01:43 [-][-][-][error][ReflectionException] exception 'ReflectionException' with message 'Class mdm\upload\FileController does not exist' in C:\xampp\htdocs\advanced\vendor\yiisoft\yii2\di\Container.php:411
Stack trace:
#0 C:\xampp\htdocs\advanced\vendor\yiisoft\yii2\di\Container.php(411): ReflectionClass->__construct('mdm\\upload\\File...')
#1 C:\xampp\htdocs\advanced\vendor\yiisoft\yii2\di\Container.php(354): yii\di\Container->getDependencies('mdm\\upload\\File...')
#2 C:\xampp\htdocs\advanced\vendor\yiisoft\yii2\di\Container.php(147): yii\di\Container->build('mdm\\upload\\File...', Array, Array)
#3 C:\xampp\htdocs\advanced\vendor\yiisoft\yii2\BaseYii.php(340): yii\di\Container->get('mdm\\upload\\File...', Array)
#4 C:\xampp\htdocs\advanced\vendor\yiisoft\yii2\base\Module.php(508): yii\BaseYii::createObject('mdm\\upload\\File...', Array)
#5 C:\xampp\htdocs\advanced\vendor\yiisoft\yii2\console\controllers\HelpController.php(92): yii\base\Module->createController('file')
#6 C:\xampp\htdocs\advanced\vendor\yiisoft\yii2\console\controllers\HelpController.php(184): yii\console\controllers\HelpController->getCommandDescriptions()
#7 C:\xampp\htdocs\advanced\vendor\yiisoft\yii2\console\controllers\HelpController.php(67): yii\console\controllers\HelpController->getDefaultHelp()
#8 [internal function]: yii\console\controllers\HelpController->actionIndex(NULL)
#9 C:\xampp\htdocs\advanced\vendor\yiisoft\yii2\base\InlineAction.php(55): call_user_func_array(Array, Array)
#10 C:\xampp\htdocs\advanced\vendor\yiisoft\yii2\base\Controller.php(151): yii\base\InlineAction->runWithParams(Array)
#11 C:\xampp\htdocs\advanced\vendor\yiisoft\yii2\console\Controller.php(91): yii\base\Controller->runAction('', Array)
#12 C:\xampp\htdocs\advanced\vendor\yiisoft\yii2\base\Module.php(455): yii\console\Controller->runAction('', Array)
#13 C:\xampp\htdocs\advanced\vendor\yiisoft\yii2\console\Application.php(161): yii\base\Module->runAction('', Array)
#14 C:\xampp\htdocs\advanced\vendor\yiisoft\yii2\console\Application.php(137): yii\console\Application->runAction('', Array)
#15 C:\xampp\htdocs\advanced\vendor\yiisoft\yii2\base\Application.php(375): yii\console\Application->handleRequest(Object(yii\console\Request))
#16 C:\xampp\htdocs\advanced\yii(31): yii\base\Application->run()
#17 {main}
2015-04-10 04:01:43 [-][-][-][info][application] $_SERVER = [
    'ALLUSERSPROFILE' => 'C:\\ProgramData'
    'APPDATA' => 'C:\\Users\\tamy\\AppData\\Roaming'
    'CommonProgramFiles' => 'C:\\Program Files (x86)\\Common Files'
    'CommonProgramFiles(x86)' => 'C:\\Program Files (x86)\\Common Files'
    'CommonProgramW6432' => 'C:\\Program Files\\Common Files'
    'COMPUTERNAME' => 'TAMY-PC'
    'ComSpec' => 'C:\\Windows\\system32\\cmd.exe'
    'ESET_OPTIONS' => '                                                                                                                                                                                                                                                                                                                                                                                                                                                                                                                               '
    'FP_NO_HOST_CHECK' => 'NO'
    'HOMEDRIVE' => 'C:'
    'HOMEPATH' => '\\Users\\tamy'
    'LOCALAPPDATA' => 'C:\\Users\\tamy\\AppData\\Local'
    'LOGONSERVER' => '\\\\TAMY-PC'
    'MOZ_PLUGIN_PATH' => 'C:\\Program Files (x86)\\Foxit Software\\Foxit Reader\\plugins\\'
    'NUMBER_OF_PROCESSORS' => '4'
    'OS' => 'Windows_NT'
    'Path' => 'C:\\Program Files (x86)\\NVIDIA Corporation\\PhysX\\Common;C:\\Program Files (x86)\\Intel\\iCLS Client\\;C:\\Program Files\\Intel\\iCLS Client\\;C:\\Windows\\system32;C:\\Windows;C:\\Windows\\System32\\Wbem;C:\\Windows\\System32\\WindowsPowerShell\\v1.0\\;C:\\Program Files\\Intel\\Intel(R) Management Engine Components\\DAL;C:\\Program Files\\Intel\\Intel(R) Management Engine Components\\IPT;C:\\Program Files (x86)\\Intel\\Intel(R) Management Engine Components\\DAL;C:\\Program Files (x86)\\Intel\\Intel(R) Management Engine Components\\IPT;C:\\xampp\\php;C:\\ProgramData\\ComposerSetup\\bin;C:\\Program Files\\Microsoft\\Web Platform Installer\\;C:\\Program Files (x86)\\Microsoft ASP.NET\\ASP.NET Web Pages\\v1.0\\;C:\\Program Files (x86)\\Windows Kits\\8.0\\Windows Performance Toolkit\\;C:\\Program Files\\Microsoft SQL Server\\110\\Tools\\Binn\\;C:\\Program Files (x86)\\Git\\cmd;C:\\Program Files (x86)\\Git\\bin;.;'
    'PATHEXT' => '.COM;.EXE;.BAT;.CMD;.VBS;.VBE;.JS;.JSE;.WSF;.WSH;.MSC'
    'PHP_COMMAND' => 'php.exe'
    'PROCESSOR_ARCHITECTURE' => 'x86'
    'PROCESSOR_ARCHITEW6432' => 'AMD64'
    'PROCESSOR_IDENTIFIER' => 'Intel64 Family 6 Model 58 Stepping 9, GenuineIntel'
    'PROCESSOR_LEVEL' => '6'
    'PROCESSOR_REVISION' => '3a09'
    'ProgramData' => 'C:\\ProgramData'
    'ProgramFiles' => 'C:\\Program Files (x86)'
    'ProgramFiles(x86)' => 'C:\\Program Files (x86)'
    'ProgramW6432' => 'C:\\Program Files'
    'PROMPT' => '$P$G'
    'PSModulePath' => 'C:\\Windows\\system32\\WindowsPowerShell\\v1.0\\Modules\\'
    'PUBLIC' => 'C:\\Users\\Public'
    'SESSIONNAME' => 'Console'
    'SystemDrive' => 'C:'
    'SystemRoot' => 'C:\\Windows'
    'TEMP' => 'C:\\Users\\tamy\\AppData\\Local\\Temp'
    'TMP' => 'C:\\Users\\tamy\\AppData\\Local\\Temp'
    'USERDOMAIN' => 'TAMY-PC'
    'USERDOMAIN_ROAMINGPROFILE' => 'TAMY-PC'
    'USERNAME' => 'tamy'
    'USERPROFILE' => 'C:\\Users\\tamy'
    'VS110COMNTOOLS' => 'C:\\Program Files (x86)\\Microsoft Visual Studio 11.0\\Common7\\Tools\\'
    'windir' => 'C:\\Windows'
    'YII_PATH' => 'C:\\xampp\\htdocs\\advanced\\'
    'PHP_SELF' => 'C:\\xampp\\htdocs\\advanced\\yii'
    'SCRIPT_NAME' => 'C:\\xampp\\htdocs\\advanced\\yii'
    'SCRIPT_FILENAME' => 'C:\\xampp\\htdocs\\advanced\\yii'
    'PATH_TRANSLATED' => 'C:\\xampp\\htdocs\\advanced\\yii'
    'DOCUMENT_ROOT' => ''
    'REQUEST_TIME_FLOAT' => 1428631303.235
    'REQUEST_TIME' => 1428631303
    'argv' => [
        0 => 'C:\\xampp\\htdocs\\advanced\\yii'
    ]
    'argc' => 1
]
2015-04-10 04:02:21 [-][-][-][error][yii\base\InvalidParamException] exception 'yii\base\InvalidParamException' with message 'Invalid path alias: @mdm/upload/migrations' in C:\xampp\htdocs\advanced\vendor\yiisoft\yii2\BaseYii.php:152
Stack trace:
#0 C:\xampp\htdocs\advanced\vendor\yiisoft\yii2\console\controllers\BaseMigrateController.php(68): yii\BaseYii::getAlias('@mdm/upload/mig...')
#1 C:\xampp\htdocs\advanced\vendor\yiisoft\yii2\console\controllers\MigrateController.php(93): yii\console\controllers\BaseMigrateController->beforeAction(Object(yii\base\InlineAction))
#2 C:\xampp\htdocs\advanced\vendor\yiisoft\yii2\base\Controller.php(149): yii\console\controllers\MigrateController->beforeAction(Object(yii\base\InlineAction))
#3 C:\xampp\htdocs\advanced\vendor\yiisoft\yii2\console\Controller.php(91): yii\base\Controller->runAction('', Array)
#4 C:\xampp\htdocs\advanced\vendor\yiisoft\yii2\base\Module.php(455): yii\console\Controller->runAction('', Array)
#5 C:\xampp\htdocs\advanced\vendor\yiisoft\yii2\console\Application.php(161): yii\base\Module->runAction('migrate', Array)
#6 C:\xampp\htdocs\advanced\vendor\yiisoft\yii2\console\Application.php(137): yii\console\Application->runAction('migrate', Array)
#7 C:\xampp\htdocs\advanced\vendor\yiisoft\yii2\base\Application.php(375): yii\console\Application->handleRequest(Object(yii\console\Request))
#8 C:\xampp\htdocs\advanced\yii(31): yii\base\Application->run()
#9 {main}
2015-04-10 04:02:21 [-][-][-][info][application] $_SERVER = [
    'ALLUSERSPROFILE' => 'C:\\ProgramData'
    'APPDATA' => 'C:\\Users\\tamy\\AppData\\Roaming'
    'CommonProgramFiles' => 'C:\\Program Files (x86)\\Common Files'
    'CommonProgramFiles(x86)' => 'C:\\Program Files (x86)\\Common Files'
    'CommonProgramW6432' => 'C:\\Program Files\\Common Files'
    'COMPUTERNAME' => 'TAMY-PC'
    'ComSpec' => 'C:\\Windows\\system32\\cmd.exe'
    'ESET_OPTIONS' => '                                                                                                                                                                                                                                                                                                                                                                                                                                                                                                                               '
    'FP_NO_HOST_CHECK' => 'NO'
    'HOMEDRIVE' => 'C:'
    'HOMEPATH' => '\\Users\\tamy'
    'LOCALAPPDATA' => 'C:\\Users\\tamy\\AppData\\Local'
    'LOGONSERVER' => '\\\\TAMY-PC'
    'MOZ_PLUGIN_PATH' => 'C:\\Program Files (x86)\\Foxit Software\\Foxit Reader\\plugins\\'
    'NUMBER_OF_PROCESSORS' => '4'
    'OS' => 'Windows_NT'
    'Path' => 'C:\\Program Files (x86)\\NVIDIA Corporation\\PhysX\\Common;C:\\Program Files (x86)\\Intel\\iCLS Client\\;C:\\Program Files\\Intel\\iCLS Client\\;C:\\Windows\\system32;C:\\Windows;C:\\Windows\\System32\\Wbem;C:\\Windows\\System32\\WindowsPowerShell\\v1.0\\;C:\\Program Files\\Intel\\Intel(R) Management Engine Components\\DAL;C:\\Program Files\\Intel\\Intel(R) Management Engine Components\\IPT;C:\\Program Files (x86)\\Intel\\Intel(R) Management Engine Components\\DAL;C:\\Program Files (x86)\\Intel\\Intel(R) Management Engine Components\\IPT;C:\\xampp\\php;C:\\ProgramData\\ComposerSetup\\bin;C:\\Program Files\\Microsoft\\Web Platform Installer\\;C:\\Program Files (x86)\\Microsoft ASP.NET\\ASP.NET Web Pages\\v1.0\\;C:\\Program Files (x86)\\Windows Kits\\8.0\\Windows Performance Toolkit\\;C:\\Program Files\\Microsoft SQL Server\\110\\Tools\\Binn\\;C:\\Program Files (x86)\\Git\\cmd;C:\\Program Files (x86)\\Git\\bin;.;'
    'PATHEXT' => '.COM;.EXE;.BAT;.CMD;.VBS;.VBE;.JS;.JSE;.WSF;.WSH;.MSC'
    'PHP_COMMAND' => 'php.exe'
    'PROCESSOR_ARCHITECTURE' => 'x86'
    'PROCESSOR_ARCHITEW6432' => 'AMD64'
    'PROCESSOR_IDENTIFIER' => 'Intel64 Family 6 Model 58 Stepping 9, GenuineIntel'
    'PROCESSOR_LEVEL' => '6'
    'PROCESSOR_REVISION' => '3a09'
    'ProgramData' => 'C:\\ProgramData'
    'ProgramFiles' => 'C:\\Program Files (x86)'
    'ProgramFiles(x86)' => 'C:\\Program Files (x86)'
    'ProgramW6432' => 'C:\\Program Files'
    'PROMPT' => '$P$G'
    'PSModulePath' => 'C:\\Windows\\system32\\WindowsPowerShell\\v1.0\\Modules\\'
    'PUBLIC' => 'C:\\Users\\Public'
    'SESSIONNAME' => 'Console'
    'SystemDrive' => 'C:'
    'SystemRoot' => 'C:\\Windows'
    'TEMP' => 'C:\\Users\\tamy\\AppData\\Local\\Temp'
    'TMP' => 'C:\\Users\\tamy\\AppData\\Local\\Temp'
    'USERDOMAIN' => 'TAMY-PC'
    'USERDOMAIN_ROAMINGPROFILE' => 'TAMY-PC'
    'USERNAME' => 'tamy'
    'USERPROFILE' => 'C:\\Users\\tamy'
    'VS110COMNTOOLS' => 'C:\\Program Files (x86)\\Microsoft Visual Studio 11.0\\Common7\\Tools\\'
    'windir' => 'C:\\Windows'
    'YII_PATH' => 'C:\\xampp\\htdocs\\advanced\\'
    'PHP_SELF' => 'C:\\xampp\\htdocs\\advanced\\yii'
    'SCRIPT_NAME' => 'C:\\xampp\\htdocs\\advanced\\yii'
    'SCRIPT_FILENAME' => 'C:\\xampp\\htdocs\\advanced\\yii'
    'PATH_TRANSLATED' => 'C:\\xampp\\htdocs\\advanced\\yii'
    'DOCUMENT_ROOT' => ''
    'REQUEST_TIME_FLOAT' => 1428631341.1009
    'REQUEST_TIME' => 1428631341
    'argv' => [
        0 => 'C:\\xampp\\htdocs\\advanced\\yii'
        1 => 'migrate'
        2 => '--migrationPath=@mdm/upload/migrations'
    ]
    'argc' => 3
]
2015-04-10 04:02:37 [-][-][-][error][yii\base\InvalidParamException] exception 'yii\base\InvalidParamException' with message 'Invalid path alias: @mdm/upload/migrations' in C:\xampp\htdocs\advanced\vendor\yiisoft\yii2\BaseYii.php:152
Stack trace:
#0 C:\xampp\htdocs\advanced\vendor\yiisoft\yii2\console\controllers\BaseMigrateController.php(68): yii\BaseYii::getAlias('@mdm/upload/mig...')
#1 C:\xampp\htdocs\advanced\vendor\yiisoft\yii2\console\controllers\MigrateController.php(93): yii\console\controllers\BaseMigrateController->beforeAction(Object(yii\base\InlineAction))
#2 C:\xampp\htdocs\advanced\vendor\yiisoft\yii2\base\Controller.php(149): yii\console\controllers\MigrateController->beforeAction(Object(yii\base\InlineAction))
#3 C:\xampp\htdocs\advanced\vendor\yiisoft\yii2\console\Controller.php(91): yii\base\Controller->runAction('', Array)
#4 C:\xampp\htdocs\advanced\vendor\yiisoft\yii2\base\Module.php(455): yii\console\Controller->runAction('', Array)
#5 C:\xampp\htdocs\advanced\vendor\yiisoft\yii2\console\Application.php(161): yii\base\Module->runAction('migrate', Array)
#6 C:\xampp\htdocs\advanced\vendor\yiisoft\yii2\console\Application.php(137): yii\console\Application->runAction('migrate', Array)
#7 C:\xampp\htdocs\advanced\vendor\yiisoft\yii2\base\Application.php(375): yii\console\Application->handleRequest(Object(yii\console\Request))
#8 C:\xampp\htdocs\advanced\yii(31): yii\base\Application->run()
#9 {main}
2015-04-10 04:02:37 [-][-][-][info][application] $_SERVER = [
    'ALLUSERSPROFILE' => 'C:\\ProgramData'
    'APPDATA' => 'C:\\Users\\tamy\\AppData\\Roaming'
    'CommonProgramFiles' => 'C:\\Program Files (x86)\\Common Files'
    'CommonProgramFiles(x86)' => 'C:\\Program Files (x86)\\Common Files'
    'CommonProgramW6432' => 'C:\\Program Files\\Common Files'
    'COMPUTERNAME' => 'TAMY-PC'
    'ComSpec' => 'C:\\Windows\\system32\\cmd.exe'
    'ESET_OPTIONS' => '                                                                                                                                                                                                                                                                                                                                                                                                                                                                                                                               '
    'FP_NO_HOST_CHECK' => 'NO'
    'HOMEDRIVE' => 'C:'
    'HOMEPATH' => '\\Users\\tamy'
    'LOCALAPPDATA' => 'C:\\Users\\tamy\\AppData\\Local'
    'LOGONSERVER' => '\\\\TAMY-PC'
    'MOZ_PLUGIN_PATH' => 'C:\\Program Files (x86)\\Foxit Software\\Foxit Reader\\plugins\\'
    'NUMBER_OF_PROCESSORS' => '4'
    'OS' => 'Windows_NT'
    'Path' => 'C:\\Program Files (x86)\\NVIDIA Corporation\\PhysX\\Common;C:\\Program Files (x86)\\Intel\\iCLS Client\\;C:\\Program Files\\Intel\\iCLS Client\\;C:\\Windows\\system32;C:\\Windows;C:\\Windows\\System32\\Wbem;C:\\Windows\\System32\\WindowsPowerShell\\v1.0\\;C:\\Program Files\\Intel\\Intel(R) Management Engine Components\\DAL;C:\\Program Files\\Intel\\Intel(R) Management Engine Components\\IPT;C:\\Program Files (x86)\\Intel\\Intel(R) Management Engine Components\\DAL;C:\\Program Files (x86)\\Intel\\Intel(R) Management Engine Components\\IPT;C:\\xampp\\php;C:\\ProgramData\\ComposerSetup\\bin;C:\\Program Files\\Microsoft\\Web Platform Installer\\;C:\\Program Files (x86)\\Microsoft ASP.NET\\ASP.NET Web Pages\\v1.0\\;C:\\Program Files (x86)\\Windows Kits\\8.0\\Windows Performance Toolkit\\;C:\\Program Files\\Microsoft SQL Server\\110\\Tools\\Binn\\;C:\\Program Files (x86)\\Git\\cmd;C:\\Program Files (x86)\\Git\\bin;.;'
    'PATHEXT' => '.COM;.EXE;.BAT;.CMD;.VBS;.VBE;.JS;.JSE;.WSF;.WSH;.MSC'
    'PHP_COMMAND' => 'php.exe'
    'PROCESSOR_ARCHITECTURE' => 'x86'
    'PROCESSOR_ARCHITEW6432' => 'AMD64'
    'PROCESSOR_IDENTIFIER' => 'Intel64 Family 6 Model 58 Stepping 9, GenuineIntel'
    'PROCESSOR_LEVEL' => '6'
    'PROCESSOR_REVISION' => '3a09'
    'ProgramData' => 'C:\\ProgramData'
    'ProgramFiles' => 'C:\\Program Files (x86)'
    'ProgramFiles(x86)' => 'C:\\Program Files (x86)'
    'ProgramW6432' => 'C:\\Program Files'
    'PROMPT' => '$P$G'
    'PSModulePath' => 'C:\\Windows\\system32\\WindowsPowerShell\\v1.0\\Modules\\'
    'PUBLIC' => 'C:\\Users\\Public'
    'SESSIONNAME' => 'Console'
    'SystemDrive' => 'C:'
    'SystemRoot' => 'C:\\Windows'
    'TEMP' => 'C:\\Users\\tamy\\AppData\\Local\\Temp'
    'TMP' => 'C:\\Users\\tamy\\AppData\\Local\\Temp'
    'USERDOMAIN' => 'TAMY-PC'
    'USERDOMAIN_ROAMINGPROFILE' => 'TAMY-PC'
    'USERNAME' => 'tamy'
    'USERPROFILE' => 'C:\\Users\\tamy'
    'VS110COMNTOOLS' => 'C:\\Program Files (x86)\\Microsoft Visual Studio 11.0\\Common7\\Tools\\'
    'windir' => 'C:\\Windows'
    'YII_PATH' => 'C:\\xampp\\htdocs\\advanced\\'
    'PHP_SELF' => 'C:\\xampp\\htdocs\\advanced\\yii'
    'SCRIPT_NAME' => 'C:\\xampp\\htdocs\\advanced\\yii'
    'SCRIPT_FILENAME' => 'C:\\xampp\\htdocs\\advanced\\yii'
    'PATH_TRANSLATED' => 'C:\\xampp\\htdocs\\advanced\\yii'
    'DOCUMENT_ROOT' => ''
    'REQUEST_TIME_FLOAT' => 1428631357.8464
    'REQUEST_TIME' => 1428631357
    'argv' => [
        0 => 'C:\\xampp\\htdocs\\advanced\\yii'
        1 => 'migrate'
        2 => '--migrationPath=@mdm/upload/migrations'
    ]
    'argc' => 3
]
